<?xml version="1.0" encoding="UTF-8"?>
<!-- Generated by org.testng.reporters.JUnitReportReporter -->
<testsuite skipped="0" hostname="DESKTOP-02413D4" name="TestCaseProjectNewEclipse.testcaseprjneweclipse.AppTest" tests="1" failures="0" timestamp="2020-12-25T10:17:30 IST" time="0.007" errors="0">
  <testcase name="shouldAnswerWithTrue" time="0.007" classname="TestCaseProjectNewEclipse.testcaseprjneweclipse.AppTest"/>
  <system-out/>
</testsuite> <!-- TestCaseProjectNewEclipse.testcaseprjneweclipse.AppTest -->
